<?xml version="1.0" encoding="UTF-8"?>
<testsuite xmlns:xsi="http://www.w3.org/2001/XMLSchema-instance" xsi:noNamespaceSchemaLocation="https://maven.apache.org/surefire/maven-surefire-plugin/xsd/surefire-test-report-3.0.xsd" version="3.0" name="TestSuite" time="35.937" tests="1" errors="0" skipped="0" failures="0">
  <properties>
[...]
</properties>
  <testcase name="testAddTwoProducts" classname="test.Addtwoproducts" time="32.722">
    <system-out><![CDATA[This is the list 2 Country: Aaland Islands
This is the list 3 Country: Afghanistan
This is the list 4 Country: Albania
This is the list 5 Country: Algeria
This is the list 6 Country: American Samoa
This is the list 7 Country: Andorra
This is the list 8 Country: Angola
This is the list 9 Country: Anguilla
This is the list 10 Country: Antarctica
This is the list 11 Country: Antigua and Barbuda
This is the list 12 Country: Argentina
This is the list 13 Country: Armenia
This is the list 14 Country: Aruba
This is the list 15 Country: Ascension Island (British)
This is the list 16 Country: Australia
This is the list 17 Country: Austria
This is the list 18 Country: Azerbaijan
This is the list 19 Country: Bahamas
This is the list 20 Country: Bahrain
This is the list 21 Country: Bangladesh
This is the list 22 Country: Barbados
This is the list 23 Country: Belarus
This is the list 24 Country: Belgium
This is the list 25 Country: Belize
This is the list 26 Country: Benin
This is the list 27 Country: Bermuda
This is the list 28 Country: Bhutan
This is the list 29 Country: Bolivia
This is the list 30 Country: Bonaire, Sint Eustatius and Saba
This is the list 31 Country: Bosnia and Herzegovina
This is the list 32 Country: Botswana
This is the list 33 Country: Bouvet Island
This is the list 34 Country: Brazil
This is the list 35 Country: British Indian Ocean Territory
This is the list 36 Country: Brunei Darussalam
This is the list 37 Country: Bulgaria
This is the list 38 Country: Burkina Faso
This is the list 39 Country: Burundi
This is the list 40 Country: Cambodia
This is the list 41 Country: Cameroon
This is the list 42 Country: Canada
This is the list 43 Country: Canary Islands
This is the list 44 Country: Cape Verde
This is the list 45 Country: Cayman Islands
This is the list 46 Country: Central African Republic
This is the list 47 Country: Chad
This is the list 48 Country: Chile
This is the list 49 Country: China
This is the list 50 Country: Christmas Island
This is the list 51 Country: Cocos (Keeling) Islands
This is the list 52 Country: Colombia
This is the list 53 Country: Comoros
This is the list 54 Country: Congo
This is the list 55 Country: Cook Islands
This is the list 56 Country: Costa Rica
This is the list 57 Country: Cote D'Ivoire
This is the list 58 Country: Croatia
This is the list 59 Country: Cuba
This is the list 60 Country: Curacao
This is the list 61 Country: Cyprus
This is the list 62 Country: Czech Republic
This is the list 63 Country: Democratic Republic of Congo
This is the list 64 Country: Denmark
This is the list 65 Country: Djibouti
This is the list 66 Country: Dominica
This is the list 67 Country: Dominican Republic
This is the list 68 Country: East Timor
This is the list 69 Country: Ecuador
This is the list 70 Country: Egypt
This is the list 71 Country: El Salvador
This is the list 72 Country: Equatorial Guinea
This is the list 73 Country: Eritrea
This is the list 74 Country: Estonia
This is the list 75 Country: Ethiopia
This is the list 76 Country: Falkland Islands (Malvinas)
This is the list 77 Country: Faroe Islands
This is the list 78 Country: Fiji
This is the list 79 Country: Finland
This is the list 80 Country: France, Metropolitan
This is the list 81 Country: French Guiana
This is the list 82 Country: French Polynesia
This is the list 83 Country: French Southern Territories
This is the list 84 Country: FYROM
This is the list 85 Country: Gabon
This is the list 86 Country: Gambia
This is the list 87 Country: Georgia
This is the list 88 Country: Germany
This is the list 89 Country: Ghana
This is the list 90 Country: Gibraltar
This is the list 91 Country: Greece
This is the list 92 Country: Greenland
This is the list 93 Country: Grenada
This is the list 94 Country: Guadeloupe
This is the list 95 Country: Guam
This is the list 96 Country: Guatemala
This is the list 97 Country: Guernsey
This is the list 98 Country: Guinea
This is the list 99 Country: Guinea-Bissau
This is the list 100 Country: Guyana
This is the list 101 Country: Haiti
This is the list 102 Country: Heard and Mc Donald Islands
This is the list 103 Country: Honduras
This is the list 104 Country: Hong Kong
This is the list 105 Country: Hungary
This is the list 106 Country: Iceland
This is the list 107 Country: India
This is the list 108 Country: Indonesia
This is the list 109 Country: Iran (Islamic Republic of)
This is the list 110 Country: Iraq
This is the list 111 Country: Ireland
This is the list 112 Country: Isle of Man
This is the list 113 Country: Israel
This is the list 114 Country: Italy
This is the list 115 Country: Jamaica
This is the list 116 Country: Japan
This is the list 117 Country: Jersey
This is the list 118 Country: Jordan
This is the list 119 Country: Kazakhstan
This is the list 120 Country: Kenya
This is the list 121 Country: Kiribati
This is the list 122 Country: Kosovo, Republic of
This is the list 123 Country: Kuwait
This is the list 124 Country: Kyrgyzstan
This is the list 125 Country: Lao People's Democratic Republic
This is the list 126 Country: Latvia
This is the list 127 Country: Lebanon
This is the list 128 Country: Lesotho
This is the list 129 Country: Liberia
This is the list 130 Country: Libyan Arab Jamahiriya
This is the list 131 Country: Liechtenstein
This is the list 132 Country: Lithuania
This is the list 133 Country: Luxembourg
This is the list 134 Country: Macau
This is the list 135 Country: Madagascar
This is the list 136 Country: Malawi
This is the list 137 Country: Malaysia
This is the list 138 Country: Maldives
This is the list 139 Country: Mali
This is the list 140 Country: Malta
This is the list 141 Country: Marshall Islands
This is the list 142 Country: Martinique
This is the list 143 Country: Mauritania
This is the list 144 Country: Mauritius
This is the list 145 Country: Mayotte
This is the list 146 Country: Mexico
This is the list 147 Country: Micronesia, Federated States of
This is the list 148 Country: Moldova, Republic of
This is the list 149 Country: Monaco
This is the list 150 Country: Mongolia
This is the list 151 Country: Montenegro
This is the list 152 Country: Montserrat
This is the list 153 Country: Morocco
This is the list 154 Country: Mozambique
This is the list 155 Country: Myanmar
This is the list 156 Country: Namibia
This is the list 157 Country: Nauru
This is the list 158 Country: Nepal
This is the list 159 Country: Netherlands
This is the list 160 Country: Netherlands Antilles
This is the list 161 Country: New Caledonia
This is the list 162 Country: New Zealand
This is the list 163 Country: Nicaragua
This is the list 164 Country: Niger
This is the list 165 Country: Nigeria
This is the list 166 Country: Niue
This is the list 167 Country: Norfolk Island
This is the list 168 Country: North Korea
This is the list 169 Country: Northern Mariana Islands
This is the list 170 Country: Norway
This is the list 171 Country: Oman
This is the list 172 Country: Pakistan
This is the list 173 Country: Palau
This is the list 174 Country: Palestinian Territory, Occupied
This is the list 175 Country: Panama
This is the list 176 Country: Papua New Guinea
This is the list 177 Country: Paraguay
This is the list 178 Country: Peru
This is the list 179 Country: Philippines
This is the list 180 Country: Pitcairn
This is the list 181 Country: Poland
This is the list 182 Country: Portugal
This is the list 183 Country: Puerto Rico
This is the list 184 Country: Qatar
This is the list 185 Country: Reunion
This is the list 186 Country: Romania
This is the list 187 Country: Russian Federation
This is the list 188 Country: Rwanda
This is the list 189 Country: Saint Kitts and Nevis
This is the list 190 Country: Saint Lucia
This is the list 191 Country: Saint Vincent and the Grenadines
This is the list 192 Country: Samoa
This is the list 193 Country: San Marino
This is the list 194 Country: Sao Tome and Principe
This is the list 195 Country: Saudi Arabia
This is the list 196 Country: Senegal
This is the list 197 Country: Serbia
This is the list 198 Country: Seychelles
This is the list 199 Country: Sierra Leone
This is the list 200 Country: Singapore
This is the list 201 Country: Slovak Republic
This is the list 202 Country: Slovenia
This is the list 203 Country: Solomon Islands
This is the list 204 Country: Somalia
This is the list 205 Country: South Africa
This is the list 206 Country: South Georgia & South Sandwich Islands
This is the list 207 Country: South Korea
This is the list 208 Country: South Sudan
This is the list 209 Country: Spain
This is the list 210 Country: Sri Lanka
This is the list 211 Country: St. Barthelemy
This is the list 212 Country: St. Helena
This is the list 213 Country: St. Martin (French part)
This is the list 214 Country: St. Pierre and Miquelon
This is the list 215 Country: Sudan
This is the list 216 Country: Suriname
This is the list 217 Country: Svalbard and Jan Mayen Islands
This is the list 218 Country: Swaziland
This is the list 219 Country: Sweden
This is the list 220 Country: Switzerland
This is the list 221 Country: Syrian Arab Republic
This is the list 222 Country: Taiwan
This is the list 223 Country: Tajikistan
This is the list 224 Country: Tanzania, United Republic of
This is the list 225 Country: Thailand
This is the list 226 Country: Togo
This is the list 227 Country: Tokelau
This is the list 228 Country: Tonga
This is the list 229 Country: Trinidad and Tobago
This is the list 230 Country: Tristan da Cunha
This is the list 231 Country: Tunisia
This is the list 232 Country: Turkey
This is the list 233 Country: Turkmenistan
This is the list 234 Country: Turks and Caicos Islands
This is the list 235 Country: Tuvalu
This is the list 236 Country: Uganda
This is the list 237 Country: Ukraine
This is the list 238 Country: United Arab Emirates
This is the list 239 Country: United Kingdom
This is the list 240 Country: United States
This is the list 241 Country: United States Minor Outlying Islands
This is the list 242 Country: Uruguay
This is the list 243 Country: Uzbekistan
This is the list 244 Country: Vanuatu
This is the list 245 Country: Vatican City State (Holy See)
This is the list 246 Country: Venezuela
This is the list 247 Country: Viet Nam
This is the list 248 Country: Virgin Islands (British)
This is the list 249 Country: Virgin Islands (U.S.)
This is the list 250 Country: Wallis and Futuna Islands
This is the list 251 Country: Western Sahara
This is the list 252 Country: Yemen
This is the list 253 Country: Zambia
This is the list 254 Country: Zimbabwe
]]></system-out>
    <system-err><![CDATA[Starting ChromeDriver 125.0.6422.60 (3ac3319bff9f3e139d632e3d195e3d2d43d86e37-refs/branch-heads/6422@{#1017}) on port 34479
Only local connections are allowed.
Please see https://chromedriver.chromium.org/security-considerations for suggestions on keeping ChromeDriver safe.
ChromeDriver was started successfully.
[1721157635.781][WARNING]: This version of ChromeDriver has not been tested with Chrome version 126.
Jul 16, 2024 2:20:36 PM org.openqa.selenium.devtools.CdpVersionFinder findNearestMatch
WARNING: Unable to find CDP implementation matching 126
Jul 16, 2024 2:20:36 PM org.openqa.selenium.chromium.ChromiumDriver lambda$new$3
WARNING: Unable to find version of CDP to use for . You may need to include a dependency on a specific version of the CDP using something similar to `org.seleniumhq.selenium:selenium-devtools-v86:4.8.0` where the version ("v86") matches the version of the chromium-based browser you're using and the version number of the artifact is the same as Selenium's.
]]></system-err>
  </testcase>
</testsuite>